<?xml version="1.0" encoding="UTF-8"?>
<testng-results skipped="0" failed="0" ignored="0" total="1" passed="1">
  <reporter-output>
  </reporter-output>
  <suite name="Default suite" duration-ms="9329" started-at="2021-12-01T15:05:01 GMT" finished-at="2021-12-01T15:05:10 GMT">
    <groups>
    </groups>
    <test name="Default test" duration-ms="9329" started-at="2021-12-01T15:05:01 GMT" finished-at="2021-12-01T15:05:10 GMT">
      <class name="RBTechTest.TechTestClass">
        <test-method status="PASS" signature="SpeedyLogin()[pri:0, instance:RBTechTest.TechTestClass@2a17b7b6]" name="SpeedyLogin" duration-ms="9295" started-at="2021-12-01T15:05:01 GMT" finished-at="2021-12-01T15:05:10 GMT">
          <reporter-output>
          </reporter-output>
        </test-method> <!-- SpeedyLogin -->
      </class> <!-- RBTechTest.TechTestClass -->
    </test> <!-- Default test -->
  </suite> <!-- Default suite -->
</testng-results>
